<?xml version="1.0" encoding="UTF-8"?>
<testng-results skipped="0" failed="1" total="1" passed="0">
  <reporter-output>
    <line>
      <![CDATA[About to begin executing Suite Default suite]]>
    </line>
    <line>
      <![CDATA[About to begin executing Suite Default suite]]>
    </line>
    <line>
      <![CDATA[About to begin executing following method : WebDriverHelper.startDriver]]>
    </line>
    <line>
      <![CDATA[About to begin executing following method : WebDriverHelper.startDriver]]>
    </line>
    <line>
      <![CDATA[Completed executing following method : WebDriverHelper.startDriver]]>
    </line>
    <line>
      <![CDATA[Completed executing following method : WebDriverHelper.startDriver]]>
    </line>
    <line>
      <![CDATA[About to begin executing Test Default test]]>
    </line>
    <line>
      <![CDATA[About to begin executing following method : AWF_WRIG0483.setApprovalWorkFlowForWRIG0483]]>
    </line>
    <line>
      <![CDATA[About to begin executing following method : AWF_WRIG0483.setApprovalWorkFlowForWRIG0483]]>
    </line>
    <line>
      <![CDATA[Entered in UserNameTxtBox: nhecker@workforcelogiq.com]]>
    </line>
    <line>
      <![CDATA[Entered in PasswordTxtBox: Joker@32]]>
    </line>
    <line>
      <![CDATA[Click on Button LoginButton]]>
    </line>
    <line>
      <![CDATA[Element is present]]>
    </line>
    <line>
      <![CDATA[Element is present]]>
    </line>
    <line>
      <![CDATA[Click on Link Customers_Link]]>
    </line>
    <line>
      <![CDATA[Click on Link DIVISION_MENU_LINK]]>
    </line>
    <line>
      <![CDATA[Element is present]]>
    </line>
    <line>
      <![CDATA[Element is present]]>
    </line>
    <line>
      <![CDATA[Element is present]]>
    </line>
    <line>
      <![CDATA[Element is present]]>
    </line>
    <line>
      <![CDATA[Element is present]]>
    </line>
    <line>
      <![CDATA[Element is present]]>
    </line>
    <line>
      <![CDATA[Element is present]]>
    </line>
    <line>
      <![CDATA[Element is present]]>
    </line>
    <line>
      <![CDATA[Click on Button DivisionDetails_ConfigurationLink]]>
    </line>
    <line>
      <![CDATA[Click on Button ApprovalWorkFlowTab_ClientDetails]]>
    </line>
    <line>
      <![CDATA[Element is present]]>
    </line>
    <line>
      <![CDATA[Entered in ApprovalGroupName_ApprovalGroup: Primary Owner]]>
    </line>
    <line>
      <![CDATA[Click on Link ADD_BUTTON]]>
    </line>
    <line>
      <![CDATA[Element is present]]>
    </line>
    <line>
      <![CDATA[Element is present]]>
    </line>
    <line>
      <![CDATA[Success message is not being appeared  null]]>
    </line>
    <line>
      <![CDATA[Entered in FilterTextBox_ApprovalGroupName: Primary Owner]]>
    </line>
    <line>
      <![CDATA[Element is present]]>
    </line>
    <line>
      <![CDATA[Click on Link AddEditRoleLink]]>
    </line>
    <line>
      <![CDATA[Element is present]]>
    </line>
    <line>
      <![CDATA[Element is present]]>
    </line>
    <line>
      <![CDATA[Element is present]]>
    </line>
    <line>
      <![CDATA[Click on Button ADD_BUTTON]]>
    </line>
    <line>
      <![CDATA[Element is present]]>
    </line>
    <line>
      <![CDATA[Element is present]]>
    </line>
    <line>
      <![CDATA[Click on Link ApprovalSetUp_ClientDetails]]>
    </line>
    <line>
      <![CDATA[Element is present]]>
    </line>
    <line>
      <![CDATA[Element is present]]>
    </line>
    <line>
      <![CDATA[Selected on dropdown Object_ApprovalFlowSetup: Projects]]>
    </line>
    <line>
      <![CDATA[Element is present]]>
    </line>
    <line>
      <![CDATA[Element is present]]>
    </line>
    <line>
      <![CDATA[Entered in StepName_ApprovalFlowSetup: AWF1]]>
    </line>
    <line>
      <![CDATA[Entered in OrderName_ApprovalFlowSetup: 1]]>
    </line>
    <line>
      <![CDATA[Selected on dropdown Field_ApprovalFlowSetup: PONumber]]>
    </line>
    <line>
      <![CDATA[Element is present]]>
    </line>
    <line>
      <![CDATA[Selected on dropdown CompareDD_ApprovalFlowSetup: =]]>
    </line>
    <line>
      <![CDATA[Entered in CompareEditBox_ApprovalFlowSetup: 1234]]>
    </line>
    <line>
      <![CDATA[Element is present]]>
    </line>
    <line>
      <![CDATA[Entered in ApprovalGroupDD_ApprovalFlowSetup: Primary Owner]]>
    </line>
    <line>
      <![CDATA[Element is present]]>
    </line>
    <line>
      <![CDATA[Element is present]]>
    </line>
    <line>
      <![CDATA[Element is present]]>
    </line>
    <line>
      <![CDATA[Click on Button ADD_BUTTON]]>
    </line>
    <line>
      <![CDATA[Element is present]]>
    </line>
    <line>
      <![CDATA[Element is present]]>
    </line>
    <line>
      <![CDATA[Success message is not being appeared  null]]>
    </line>
    <line>
      <![CDATA[Completed executing following method : AWF_WRIG0483.setApprovalWorkFlowForWRIG0483]]>
    </line>
    <line>
      <![CDATA[Completed executing following method : AWF_WRIG0483.setApprovalWorkFlowForWRIG0483]]>
    </line>
    <line>
      <![CDATA[Test Method resides in configure_WRIG0483.AWF_WRIG0483]]>
    </line>
    <line>
      <![CDATA[Test Status: Failed]]>
    </line>
    <line>
      <![CDATA[Completed executing test Default test]]>
    </line>
    <line>
      <![CDATA[About to end executing Suite Default suite]]>
    </line>
    <line>
      <![CDATA[About to end executing Suite Default suite]]>
    </line>
  </reporter-output>
  <suite name="Default suite" duration-ms="385728" started-at="2020-07-11T05:30:08Z" finished-at="2020-07-11T05:36:34Z">
    <groups>
    </groups>
    <test name="Default test" duration-ms="385728" started-at="2020-07-11T05:30:08Z" finished-at="2020-07-11T05:36:34Z">
      <class name="configure_WRIG0483.AWF_WRIG0483">
        <test-method status="PASS" signature="startDriver()[pri:0, instance:configure_WRIG0483.AWF_WRIG0483@4d50efb8]" name="startDriver" is-config="true" duration-ms="7" started-at="2020-07-11T11:00:08Z" finished-at="2020-07-11T11:00:08Z">
          <reporter-output>
            <line>
              <![CDATA[Completed executing following method : WebDriverHelper.startDriver]]>
            </line>
            <line>
              <![CDATA[Completed executing following method : WebDriverHelper.startDriver]]>
            </line>
          </reporter-output>
        </test-method> <!-- startDriver -->
        <test-method status="FAIL" signature="setApprovalWorkFlowForWRIG0483()[pri:0, instance:configure_WRIG0483.AWF_WRIG0483@4d50efb8]" name="setApprovalWorkFlowForWRIG0483" duration-ms="383128" started-at="2020-07-11T11:00:08Z" finished-at="2020-07-11T11:06:31Z">
          <exception class="org.openqa.selenium.ElementNotInteractableException">
            <message>
              <![CDATA[element not interactable
  (Session info: chrome=83.0.4103.116)
Build info: version: '3.141.59', revision: 'e82be7d358', time: '2018-11-14T08:25:53'
System info: host: 'VADLH2XPSQ2', ip: '192.168.31.71', os.name: 'Windows 10', os.arch: 'amd64', os.version: '10.0', java.version: '1.8.0_141'
Driver info: org.openqa.selenium.chrome.ChromeDriver
Capabilities {acceptInsecureCerts: false, browserName: chrome, browserVersion: 83.0.4103.116, chrome: {chromedriverVersion: 83.0.4103.39 (ccbf011cb2d2b..., userDataDir: C:\Users\pkhare\AppData\Loc...}, goog:chromeOptions: {debuggerAddress: localhost:32232}, javascriptEnabled: true, networkConnectionEnabled: false, pageLoadStrategy: normal, platform: WINDOWS, platformName: WINDOWS, proxy: Proxy(), setWindowRect: true, strictFileInteractability: false, timeouts: {implicit: 0, pageLoad: 300000, script: 30000}, unhandledPromptBehavior: dismiss and notify, webauthn:virtualAuthenticators: true}
Session ID: a92c5e968dc7d3dd4b57baaba37c8b57]]>
            </message>
            <full-stacktrace>
              <![CDATA[org.openqa.selenium.ElementNotInteractableException: element not interactable
  (Session info: chrome=83.0.4103.116)
Build info: version: '3.141.59', revision: 'e82be7d358', time: '2018-11-14T08:25:53'
System info: host: 'VADLH2XPSQ2', ip: '192.168.31.71', os.name: 'Windows 10', os.arch: 'amd64', os.version: '10.0', java.version: '1.8.0_141'
Driver info: org.openqa.selenium.chrome.ChromeDriver
Capabilities {acceptInsecureCerts: false, browserName: chrome, browserVersion: 83.0.4103.116, chrome: {chromedriverVersion: 83.0.4103.39 (ccbf011cb2d2b..., userDataDir: C:\Users\pkhare\AppData\Loc...}, goog:chromeOptions: {debuggerAddress: localhost:32232}, javascriptEnabled: true, networkConnectionEnabled: false, pageLoadStrategy: normal, platform: WINDOWS, platformName: WINDOWS, proxy: Proxy(), setWindowRect: true, strictFileInteractability: false, timeouts: {implicit: 0, pageLoad: 300000, script: 30000}, unhandledPromptBehavior: dismiss and notify, webauthn:virtualAuthenticators: true}
Session ID: a92c5e968dc7d3dd4b57baaba37c8b57
	at sun.reflect.NativeConstructorAccessorImpl.newInstance0(Native Method)
	at sun.reflect.NativeConstructorAccessorImpl.newInstance(Unknown Source)
	at sun.reflect.DelegatingConstructorAccessorImpl.newInstance(Unknown Source)
	at java.lang.reflect.Constructor.newInstance(Unknown Source)
	at org.openqa.selenium.remote.http.W3CHttpResponseCodec.createException(W3CHttpResponseCodec.java:187)
	at org.openqa.selenium.remote.http.W3CHttpResponseCodec.decode(W3CHttpResponseCodec.java:122)
	at org.openqa.selenium.remote.http.W3CHttpResponseCodec.decode(W3CHttpResponseCodec.java:49)
	at org.openqa.selenium.remote.HttpCommandExecutor.execute(HttpCommandExecutor.java:158)
	at org.openqa.selenium.remote.service.DriverCommandExecutor.execute(DriverCommandExecutor.java:83)
	at org.openqa.selenium.remote.RemoteWebDriver.execute(RemoteWebDriver.java:552)
	at org.openqa.selenium.remote.RemoteWebElement.execute(RemoteWebElement.java:285)
	at org.openqa.selenium.remote.RemoteWebElement.click(RemoteWebElement.java:84)
	at com.zc.webdriver.applicationLiberaries.Common.logout(Common.java:87)
	at configure_WRIG0483.AWF_WRIG0483.setApprovalWorkFlowForWRIG0483(AWF_WRIG0483.java:52)
	at sun.reflect.NativeMethodAccessorImpl.invoke0(Native Method)
	at sun.reflect.NativeMethodAccessorImpl.invoke(Unknown Source)
	at sun.reflect.DelegatingMethodAccessorImpl.invoke(Unknown Source)
	at java.lang.reflect.Method.invoke(Unknown Source)
	at org.testng.internal.MethodInvocationHelper.invokeMethod(MethodInvocationHelper.java:84)
	at org.testng.internal.Invoker.invokeMethod(Invoker.java:714)
	at org.testng.internal.Invoker.invokeTestMethod(Invoker.java:901)
	at org.testng.internal.Invoker.invokeTestMethods(Invoker.java:1231)
	at org.testng.internal.TestMethodWorker.invokeTestMethods(TestMethodWorker.java:127)
	at org.testng.internal.TestMethodWorker.run(TestMethodWorker.java:111)
	at org.testng.TestRunner.privateRun(TestRunner.java:767)
	at org.testng.TestRunner.run(TestRunner.java:617)
	at org.testng.SuiteRunner.runTest(SuiteRunner.java:334)
	at org.testng.SuiteRunner.runSequentially(SuiteRunner.java:329)
	at org.testng.SuiteRunner.privateRun(SuiteRunner.java:291)
	at org.testng.SuiteRunner.run(SuiteRunner.java:240)
	at org.testng.SuiteRunnerWorker.runSuite(SuiteRunnerWorker.java:52)
	at org.testng.SuiteRunnerWorker.run(SuiteRunnerWorker.java:86)
	at org.testng.TestNG.runSuitesSequentially(TestNG.java:1224)
	at org.testng.TestNG.runSuitesLocally(TestNG.java:1149)
	at org.testng.TestNG.run(TestNG.java:1057)
	at org.testng.remote.AbstractRemoteTestNG.run(AbstractRemoteTestNG.java:114)
	at org.testng.remote.RemoteTestNG.initAndRun(RemoteTestNG.java:251)
	at org.testng.remote.RemoteTestNG.main(RemoteTestNG.java:77)
]]>
            </full-stacktrace>
          </exception> <!-- org.openqa.selenium.ElementNotInteractableException -->
          <reporter-output>
            <line>
              <![CDATA[Entered in UserNameTxtBox: nhecker@workforcelogiq.com]]>
            </line>
            <line>
              <![CDATA[Entered in PasswordTxtBox: Joker@32]]>
            </line>
            <line>
              <![CDATA[Click on Button LoginButton]]>
            </line>
            <line>
              <![CDATA[Element is present]]>
            </line>
            <line>
              <![CDATA[Element is present]]>
            </line>
            <line>
              <![CDATA[Click on Link Customers_Link]]>
            </line>
            <line>
              <![CDATA[Click on Link DIVISION_MENU_LINK]]>
            </line>
            <line>
              <![CDATA[Element is present]]>
            </line>
            <line>
              <![CDATA[Element is present]]>
            </line>
            <line>
              <![CDATA[Element is present]]>
            </line>
            <line>
              <![CDATA[Element is present]]>
            </line>
            <line>
              <![CDATA[Element is present]]>
            </line>
            <line>
              <![CDATA[Element is present]]>
            </line>
            <line>
              <![CDATA[Element is present]]>
            </line>
            <line>
              <![CDATA[Element is present]]>
            </line>
            <line>
              <![CDATA[Click on Button DivisionDetails_ConfigurationLink]]>
            </line>
            <line>
              <![CDATA[Click on Button ApprovalWorkFlowTab_ClientDetails]]>
            </line>
            <line>
              <![CDATA[Element is present]]>
            </line>
            <line>
              <![CDATA[Entered in ApprovalGroupName_ApprovalGroup: Primary Owner]]>
            </line>
            <line>
              <![CDATA[Click on Link ADD_BUTTON]]>
            </line>
            <line>
              <![CDATA[Element is present]]>
            </line>
            <line>
              <![CDATA[Element is present]]>
            </line>
            <line>
              <![CDATA[Success message is not being appeared  null]]>
            </line>
            <line>
              <![CDATA[Entered in FilterTextBox_ApprovalGroupName: Primary Owner]]>
            </line>
            <line>
              <![CDATA[Element is present]]>
            </line>
            <line>
              <![CDATA[Click on Link AddEditRoleLink]]>
            </line>
            <line>
              <![CDATA[Element is present]]>
            </line>
            <line>
              <![CDATA[Element is present]]>
            </line>
            <line>
              <![CDATA[Element is present]]>
            </line>
            <line>
              <![CDATA[Click on Button ADD_BUTTON]]>
            </line>
            <line>
              <![CDATA[Element is present]]>
            </line>
            <line>
              <![CDATA[Element is present]]>
            </line>
            <line>
              <![CDATA[Click on Link ApprovalSetUp_ClientDetails]]>
            </line>
            <line>
              <![CDATA[Element is present]]>
            </line>
            <line>
              <![CDATA[Element is present]]>
            </line>
            <line>
              <![CDATA[Selected on dropdown Object_ApprovalFlowSetup: Projects]]>
            </line>
            <line>
              <![CDATA[Element is present]]>
            </line>
            <line>
              <![CDATA[Element is present]]>
            </line>
            <line>
              <![CDATA[Entered in StepName_ApprovalFlowSetup: AWF1]]>
            </line>
            <line>
              <![CDATA[Entered in OrderName_ApprovalFlowSetup: 1]]>
            </line>
            <line>
              <![CDATA[Selected on dropdown Field_ApprovalFlowSetup: PONumber]]>
            </line>
            <line>
              <![CDATA[Element is present]]>
            </line>
            <line>
              <![CDATA[Selected on dropdown CompareDD_ApprovalFlowSetup: =]]>
            </line>
            <line>
              <![CDATA[Entered in CompareEditBox_ApprovalFlowSetup: 1234]]>
            </line>
            <line>
              <![CDATA[Element is present]]>
            </line>
            <line>
              <![CDATA[Entered in ApprovalGroupDD_ApprovalFlowSetup: Primary Owner]]>
            </line>
            <line>
              <![CDATA[Element is present]]>
            </line>
            <line>
              <![CDATA[Element is present]]>
            </line>
            <line>
              <![CDATA[Element is present]]>
            </line>
            <line>
              <![CDATA[Click on Button ADD_BUTTON]]>
            </line>
            <line>
              <![CDATA[Element is present]]>
            </line>
            <line>
              <![CDATA[Element is present]]>
            </line>
            <line>
              <![CDATA[Success message is not being appeared  null]]>
            </line>
            <line>
              <![CDATA[Completed executing following method : AWF_WRIG0483.setApprovalWorkFlowForWRIG0483]]>
            </line>
            <line>
              <![CDATA[Completed executing following method : AWF_WRIG0483.setApprovalWorkFlowForWRIG0483]]>
            </line>
            <line>
              <![CDATA[Test Method resides in configure_WRIG0483.AWF_WRIG0483]]>
            </line>
            <line>
              <![CDATA[Test Status: Failed]]>
            </line>
          </reporter-output>
        </test-method> <!-- setApprovalWorkFlowForWRIG0483 -->
      </class> <!-- configure_WRIG0483.AWF_WRIG0483 -->
    </test> <!-- Default test -->
  </suite> <!-- Default suite -->
</testng-results>
