<?xml version="1.0" encoding="UTF-8"?>
<testng-results skipped="0" failed="1" total="1" passed="0">
  <reporter-output>
    <line>
      <![CDATA[Entered in UserNameTxtBox: nhecker]]>
    </line>
    <line>
      <![CDATA[Entered in PasswordTxtBox: Marvel@28]]>
    </line>
    <line>
      <![CDATA[Click on Button LoginButton]]>
    </line>
    <line>
      <![CDATA[Element is present]]>
    </line>
    <line>
      <![CDATA[Click on Link RunQuickSearchMenu]]>
    </line>
    <line>
      <![CDATA[Click on Link ResourceCodeMenuLink]]>
    </line>
    <line>
      <![CDATA[Entered in QuickSearchText: WRIG0483]]>
    </line>
    <line>
      <![CDATA[Click on Link QuickSearchButton]]>
    </line>
    <line>
      <![CDATA[Element is present]]>
    </line>
    <line>
      <![CDATA[Click on Button ActivateLink_AdminResource]]>
    </line>
  </reporter-output>
  <suite name="Default suite" duration-ms="179854" started-at="2019-01-09T06:28:52Z" finished-at="2019-01-09T06:31:52Z">
    <groups>
    </groups>
    <test name="Default test" duration-ms="179854" started-at="2019-01-09T06:28:52Z" finished-at="2019-01-09T06:31:52Z">
      <class name="configure_WRIG0483.ProjectConfigured_WRIG0483">
        <test-method status="PASS" signature="startDriver()[pri:0, instance:configure_WRIG0483.ProjectConfigured_WRIG0483@7c83dc97]" name="startDriver" is-config="true" duration-ms="37" started-at="2019-01-09T11:58:52Z" finished-at="2019-01-09T11:58:52Z">
          <reporter-output>
          </reporter-output>
        </test-method> <!-- startDriver -->
        <test-method status="FAIL" signature="projectAndContractSetting()[pri:0, instance:configure_WRIG0483.ProjectConfigured_WRIG0483@7c83dc97]" name="projectAndContractSetting" duration-ms="179688" started-at="2019-01-09T11:58:52Z" finished-at="2019-01-09T12:01:51Z">
          <exception class="org.openqa.selenium.NoSuchElementException">
            <message>
              <![CDATA[Unable to locate element: //*[text()=' Copy to New']
For documentation on this error, please visit: https://www.seleniumhq.org/exceptions/no_such_element.html
Build info: version: '3.141.59', revision: 'e82be7d358', time: '2018-11-14T08:25:53'
System info: host: 'VADDC3CBH92', ip: '10.37.21.97', os.name: 'Windows 10', os.arch: 'amd64', os.version: '10.0', java.version: '1.8.0_161'
Driver info: org.openqa.selenium.firefox.FirefoxDriver
Capabilities {acceptInsecureCerts: true, browserName: firefox, browserVersion: 62.0.3, javascriptEnabled: true, moz:accessibilityChecks: false, moz:headless: false, moz:processID: 8424, moz:profile: C:\Users\pkhare\AppData\Loc..., moz:useNonSpecCompliantPointerOrigin: false, moz:webdriverClick: true, pageLoadStrategy: normal, platform: XP, platformName: XP, platformVersion: 10.0, rotatable: false, timeouts: {implicit: 0, pageLoad: 300000, script: 30000}}
Session ID: f625f547-6d79-41f6-b0e6-175b4d80a2a1
*** Element info: {Using=xpath, value=//*[text()=' Copy to New']}]]>
            </message>
            <full-stacktrace>
              <![CDATA[org.openqa.selenium.NoSuchElementException: Unable to locate element: //*[text()=' Copy to New']
For documentation on this error, please visit: https://www.seleniumhq.org/exceptions/no_such_element.html
Build info: version: '3.141.59', revision: 'e82be7d358', time: '2018-11-14T08:25:53'
System info: host: 'VADDC3CBH92', ip: '10.37.21.97', os.name: 'Windows 10', os.arch: 'amd64', os.version: '10.0', java.version: '1.8.0_161'
Driver info: org.openqa.selenium.firefox.FirefoxDriver
Capabilities {acceptInsecureCerts: true, browserName: firefox, browserVersion: 62.0.3, javascriptEnabled: true, moz:accessibilityChecks: false, moz:headless: false, moz:processID: 8424, moz:profile: C:\Users\pkhare\AppData\Loc..., moz:useNonSpecCompliantPointerOrigin: false, moz:webdriverClick: true, pageLoadStrategy: normal, platform: XP, platformName: XP, platformVersion: 10.0, rotatable: false, timeouts: {implicit: 0, pageLoad: 300000, script: 30000}}
Session ID: f625f547-6d79-41f6-b0e6-175b4d80a2a1
*** Element info: {Using=xpath, value=//*[text()=' Copy to New']}
	at sun.reflect.GeneratedConstructorAccessor16.newInstance(Unknown Source)
	at sun.reflect.DelegatingConstructorAccessorImpl.newInstance(Unknown Source)
	at java.lang.reflect.Constructor.newInstance(Unknown Source)
	at org.openqa.selenium.remote.http.W3CHttpResponseCodec.createException(W3CHttpResponseCodec.java:187)
	at org.openqa.selenium.remote.http.W3CHttpResponseCodec.decode(W3CHttpResponseCodec.java:122)
	at org.openqa.selenium.remote.http.W3CHttpResponseCodec.decode(W3CHttpResponseCodec.java:49)
	at org.openqa.selenium.remote.HttpCommandExecutor.execute(HttpCommandExecutor.java:158)
	at org.openqa.selenium.remote.service.DriverCommandExecutor.execute(DriverCommandExecutor.java:83)
	at org.openqa.selenium.remote.RemoteWebDriver.execute(RemoteWebDriver.java:552)
	at org.openqa.selenium.remote.RemoteWebDriver.findElement(RemoteWebDriver.java:323)
	at org.openqa.selenium.remote.RemoteWebDriver.findElementByXPath(RemoteWebDriver.java:428)
	at org.openqa.selenium.By$ByXPath.findElement(By.java:353)
	at org.openqa.selenium.remote.RemoteWebDriver.findElement(RemoteWebDriver.java:315)
	at com.zc.webdriver.applicationLiberaries.Project.clickOnCopytoNewLink(Project.java:34)
	at configure_WRIG0483.ProjectConfigured_WRIG0483.projectAndContractSetting(ProjectConfigured_WRIG0483.java:61)
	at sun.reflect.NativeMethodAccessorImpl.invoke0(Native Method)
	at sun.reflect.NativeMethodAccessorImpl.invoke(Unknown Source)
	at sun.reflect.DelegatingMethodAccessorImpl.invoke(Unknown Source)
	at java.lang.reflect.Method.invoke(Unknown Source)
	at org.testng.internal.MethodInvocationHelper.invokeMethod(MethodInvocationHelper.java:84)
	at org.testng.internal.Invoker.invokeMethod(Invoker.java:714)
	at org.testng.internal.Invoker.invokeTestMethod(Invoker.java:901)
	at org.testng.internal.Invoker.invokeTestMethods(Invoker.java:1231)
	at org.testng.internal.TestMethodWorker.invokeTestMethods(TestMethodWorker.java:127)
	at org.testng.internal.TestMethodWorker.run(TestMethodWorker.java:111)
	at org.testng.TestRunner.privateRun(TestRunner.java:767)
	at org.testng.TestRunner.run(TestRunner.java:617)
	at org.testng.SuiteRunner.runTest(SuiteRunner.java:334)
	at org.testng.SuiteRunner.runSequentially(SuiteRunner.java:329)
	at org.testng.SuiteRunner.privateRun(SuiteRunner.java:291)
	at org.testng.SuiteRunner.run(SuiteRunner.java:240)
	at org.testng.SuiteRunnerWorker.runSuite(SuiteRunnerWorker.java:52)
	at org.testng.SuiteRunnerWorker.run(SuiteRunnerWorker.java:86)
	at org.testng.TestNG.runSuitesSequentially(TestNG.java:1224)
	at org.testng.TestNG.runSuitesLocally(TestNG.java:1149)
	at org.testng.TestNG.run(TestNG.java:1057)
	at org.testng.remote.AbstractRemoteTestNG.run(AbstractRemoteTestNG.java:132)
	at org.testng.remote.RemoteTestNG.initAndRun(RemoteTestNG.java:230)
	at org.testng.remote.RemoteTestNG.main(RemoteTestNG.java:76)
]]>
            </full-stacktrace>
          </exception> <!-- org.openqa.selenium.NoSuchElementException -->
          <reporter-output>
            <line>
              <![CDATA[Entered in UserNameTxtBox: nhecker]]>
            </line>
            <line>
              <![CDATA[Entered in PasswordTxtBox: Marvel@28]]>
            </line>
            <line>
              <![CDATA[Click on Button LoginButton]]>
            </line>
            <line>
              <![CDATA[Element is present]]>
            </line>
            <line>
              <![CDATA[Click on Link RunQuickSearchMenu]]>
            </line>
            <line>
              <![CDATA[Click on Link ResourceCodeMenuLink]]>
            </line>
            <line>
              <![CDATA[Entered in QuickSearchText: WRIG0483]]>
            </line>
            <line>
              <![CDATA[Click on Link QuickSearchButton]]>
            </line>
            <line>
              <![CDATA[Element is present]]>
            </line>
            <line>
              <![CDATA[Click on Button ActivateLink_AdminResource]]>
            </line>
          </reporter-output>
        </test-method> <!-- projectAndContractSetting -->
        <test-method status="PASS" signature="stopDriver()[pri:0, instance:configure_WRIG0483.ProjectConfigured_WRIG0483@7c83dc97]" name="stopDriver" is-config="true" duration-ms="151" started-at="2019-01-09T12:01:51Z" finished-at="2019-01-09T12:01:52Z">
          <reporter-output>
          </reporter-output>
        </test-method> <!-- stopDriver -->
      </class> <!-- configure_WRIG0483.ProjectConfigured_WRIG0483 -->
    </test> <!-- Default test -->
  </suite> <!-- Default suite -->
</testng-results>
